
-----
Test: tests/test_buy_product.py::test_buy_product_1 (call)
Start time: 2025-05-10 23:45:56.118020
Start name method: authorization

End time: 2025-05-10 23:45:56.628998
End name method: authorization
URL: https://www.saucedemo.com/inventory.html

-----

-----
Test: tests/test_buy_product.py::test_buy_product_1 (call)
Start time: 2025-05-10 23:46:01.629695
Start name method: select_product_1

End time: 2025-05-10 23:46:01.739312
End name method: select_product_1
URL: https://www.saucedemo.com/cart.html

-----

-----
Test: tests/test_buy_product.py::test_buy_product_1 (call)
Start time: 2025-05-10 23:46:01.739687
Start name method: checkout_confirmed

End time: 2025-05-10 23:46:01.794644
End name method: checkout_confirmed
URL: https://www.saucedemo.com/checkout-step-one.html

-----

-----
Test: tests/test_buy_product.py::test_buy_product_1 (call)
Start time: 2025-05-10 23:46:01.794999
Start name method: client_information_input

End time: 2025-05-10 23:46:01.991937
End name method: client_information_input
URL: https://www.saucedemo.com/checkout-step-two.html

-----

-----
Test: tests/test_buy_product.py::test_buy_product_1 (call)
Start time: 2025-05-10 23:46:01.992236
Start name method: finish_payment

End time: 2025-05-10 23:46:02.044084
End name method: finish_payment
URL: https://www.saucedemo.com/checkout-complete.html

-----

-----
Test: tests/test_buy_product.py::test_buy_product_1 (call)
Start time: 2025-05-10 23:46:02.044394
Start name method: finish

End time: 2025-05-10 23:46:02.133451
End name method: finish
URL: https://www.saucedemo.com/checkout-complete.html

-----

-----
Test: tests/test_buy_product.py::test_buy_product_2 (call)
Start time: 2025-05-10 23:46:06.041283
Start name method: authorization

End time: 2025-05-10 23:46:06.642670
End name method: authorization
URL: https://www.saucedemo.com/inventory.html

-----

-----
Test: tests/test_buy_product.py::test_buy_product_2 (call)
Start time: 2025-05-10 23:46:11.643203
Start name method: select_product_2

End time: 2025-05-10 23:46:11.749025
End name method: select_product_2
URL: https://www.saucedemo.com/cart.html

-----

-----
Test: tests/test_buy_product.py::test_buy_product_2 (call)
Start time: 2025-05-10 23:46:11.749434
Start name method: checkout_confirmed

End time: 2025-05-10 23:46:11.802314
End name method: checkout_confirmed
URL: https://www.saucedemo.com/checkout-step-one.html

-----

-----
Test: tests/test_buy_product.py::test_buy_product_3 (call)
Start time: 2025-05-10 23:46:15.780234
Start name method: authorization

End time: 2025-05-10 23:46:16.423504
End name method: authorization
URL: https://www.saucedemo.com/inventory.html

-----

-----
Test: tests/test_buy_product.py::test_buy_product_3 (call)
Start time: 2025-05-10 23:46:21.424514
Start name method: select_product_3

End time: 2025-05-10 23:46:21.536233
End name method: select_product_3
URL: https://www.saucedemo.com/cart.html

-----

-----
Test: tests/test_buy_product.py::test_buy_product_3 (call)
Start time: 2025-05-10 23:46:21.536526
Start name method: checkout_confirmed

End time: 2025-05-10 23:46:21.591607
End name method: checkout_confirmed
URL: https://www.saucedemo.com/checkout-step-one.html

-----
